<?xml version="1.0" encoding="UTF-8"?>
<!-- Generated by org.testng.reporters.JUnitXMLReporter -->
<testsuite ignored="0" hostname="DESKTOP-MM72A1T" failures="4" tests="5" name="Test" time="80.746" errors="0" timestamp="2021-09-02T11:06:41 IST">
  <testcase classname="com.hybridFrameWork.runner.Links" name="@AfterTest close" time="0.001">
    <failure type="java.lang.NullPointerException" message="Cannot invoke &amp;quot;org.openqa.selenium.WebDriver.close()&amp;quot; because &amp;quot;com.hybridFrameWork.runner.Links.driver&amp;quot; is null">
      <![CDATA[java.lang.NullPointerException: Cannot invoke "org.openqa.selenium.WebDriver.close()" because "com.hybridFrameWork.runner.Links.driver" is null
at com.hybridFrameWork.runner.Links.close(Links.java:28)
... Removed 24 stack frames]]>
    </failure>
  </testcase> <!-- @AfterTest close -->
  <testcase classname="com.hybridFrameWork.runner.PageOpen" name="@AfterTest close" time="-1.630561001537E9">
    <skipped/>
  </testcase> <!-- @AfterTest close -->
  <testcase classname="com.hybridFrameWork.runner.ProductPrice" name="@AfterTest close" time="-1.63056100154E9">
    <skipped/>
  </testcase> <!-- @AfterTest close -->
  <testcase classname="com.hybridFrameWork.runner.TitlePrint" name="@AfterTest close" time="-1.630561001543E9">
    <skipped/>
  </testcase> <!-- @AfterTest close -->
  <testcase classname="com.hybridFrameWork.runner.TitlePrint" name="printtitle" time="12.104">
    <failure type="java.lang.IllegalAccessError" message="class com.hybridFrameWork.runner.TitlePrint (in unnamed module @0x2096442d) cannot access class jdk.internal.org.jline.utils.Log (in module jdk.internal.le) because module jdk.internal.le does not export jdk.internal.org.jline.utils to unnamed module @0x2096442d">
      <![CDATA[java.lang.IllegalAccessError: class com.hybridFrameWork.runner.TitlePrint (in unnamed module @0x2096442d) cannot access class jdk.internal.org.jline.utils.Log (in module jdk.internal.le) because module jdk.internal.le does not export jdk.internal.org.jline.utils to unnamed module @0x2096442d
at com.hybridFrameWork.runner.TitlePrint.printtitle(TitlePrint.java:25)
at java.base/java.util.ArrayList.forEach(ArrayList.java:1511)
... Removed 27 stack frames]]>
    </failure>
  </testcase> <!-- printtitle -->
  <testcase classname="com.hybridFrameWork.runner.Links" name="link" time="11.646">
    <failure type="java.lang.IllegalAccessError" message="class com.hybridFrameWork.runner.Links (in unnamed module @0x2096442d) cannot access class jdk.internal.org.jline.utils.Log (in module jdk.internal.le) because module jdk.internal.le does not export jdk.internal.org.jline.utils to unnamed module @0x2096442d">
      <![CDATA[java.lang.IllegalAccessError: class com.hybridFrameWork.runner.Links (in unnamed module @0x2096442d) cannot access class jdk.internal.org.jline.utils.Log (in module jdk.internal.le) because module jdk.internal.le does not export jdk.internal.org.jline.utils to unnamed module @0x2096442d
at com.hybridFrameWork.runner.Links.link(Links.java:23)
at java.base/java.util.ArrayList.forEach(ArrayList.java:1511)
... Removed 27 stack frames]]>
    </failure>
  </testcase> <!-- link -->
  <testcase classname="com.hybridFrameWork.runner.PageOpen" name="pageNavigation" time="10.731"/>
  <testcase classname="com.hybridFrameWork.runner.ImageLink" name="imageLink" time="11.677">
    <failure type="java.lang.IllegalAccessError" message="class com.hybridFrameWork.runner.ImageLink (in unnamed module @0x2096442d) cannot access class jdk.internal.org.jline.utils.Log (in module jdk.internal.le) because module jdk.internal.le does not export jdk.internal.org.jline.utils to unnamed module @0x2096442d">
      <![CDATA[java.lang.IllegalAccessError: class com.hybridFrameWork.runner.ImageLink (in unnamed module @0x2096442d) cannot access class jdk.internal.org.jline.utils.Log (in module jdk.internal.le) because module jdk.internal.le does not export jdk.internal.org.jline.utils to unnamed module @0x2096442d
at com.hybridFrameWork.runner.ImageLink.imageLink(ImageLink.java:22)
at java.base/java.util.ArrayList.forEach(ArrayList.java:1511)
... Removed 27 stack frames]]>
    </failure>
  </testcase> <!-- imageLink -->
  <testcase classname="com.hybridFrameWork.runner.ProductPrice" name="productprice" time="30.213">
    <failure type="org.openqa.selenium.NoSuchElementException" message="no such element: Unable to locate element: {&amp;quot;method&amp;quot;:&amp;quot;css selector&amp;quot;,&amp;quot;selector&amp;quot;:&amp;quot;#priceblock_dealprice&amp;quot;}
  (Session info: chrome=92.0.4515.159)
For documentation on this error, please visit: https://www.seleniumhq.org/exceptions/no_such_element.html
Build info: version: &amp;apos;3.141.59&amp;apos;, revision: &amp;apos;e82be7d358&amp;apos;, time: &amp;apos;2018-11-14T08:17:03&amp;apos;
System info: host: &amp;apos;DESKTOP-MM72A1T&amp;apos;, ip: &amp;apos;192.168.0.109&amp;apos;, os.name: &amp;apos;Windows 10&amp;apos;, os.arch: &amp;apos;amd64&amp;apos;, os.version: &amp;apos;10.0&amp;apos;, java.version: &amp;apos;16.0.1&amp;apos;
Driver info: org.openqa.selenium.chrome.ChromeDriver
Capabilities {acceptInsecureCerts: false, browserName: chrome, browserVersion: 92.0.4515.159, chrome: {chromedriverVersion: 92.0.4515.43 (8c61b7e2989f2..., userDataDir: C:\Users\DELL\AppData\Local...}, goog:chromeOptions: {debuggerAddress: localhost:55301}, javascriptEnabled: true, networkConnectionEnabled: false, pageLoadStrategy: normal, platform: WINDOWS, platformName: WINDOWS, proxy: Proxy(), setWindowRect: true, strictFileInteractability: false, timeouts: {implicit: 0, pageLoad: 300000, script: 30000}, unhandledPromptBehavior: dismiss and notify, webauthn:extension:credBlob: true, webauthn:extension:largeBlob: true, webauthn:virtualAuthenticators: true}
Session ID: fbd885d384148a4cb6619bc21af6a61e
*** Element info: {Using=id, value=priceblock_dealprice}">
      <![CDATA[org.openqa.selenium.NoSuchElementException: no such element: Unable to locate element: {"method":"css selector","selector":"#priceblock_dealprice"}
  (Session info: chrome=92.0.4515.159)
For documentation on this error, please visit: https://www.seleniumhq.org/exceptions/no_such_element.html
Build info: version: '3.141.59', revision: 'e82be7d358', time: '2018-11-14T08:17:03'
System info: host: 'DESKTOP-MM72A1T', ip: '192.168.0.109', os.name: 'Windows 10', os.arch: 'amd64', os.version: '10.0', java.version: '16.0.1'
Driver info: org.openqa.selenium.chrome.ChromeDriver
Capabilities {acceptInsecureCerts: false, browserName: chrome, browserVersion: 92.0.4515.159, chrome: {chromedriverVersion: 92.0.4515.43 (8c61b7e2989f2..., userDataDir: C:\Users\DELL\AppData\Local...}, goog:chromeOptions: {debuggerAddress: localhost:55301}, javascriptEnabled: true, networkConnectionEnabled: false, pageLoadStrategy: normal, platform: WINDOWS, platformName: WINDOWS, proxy: Proxy(), setWindowRect: true, strictFileInteractability: false, timeouts: {implicit: 0, pageLoad: 300000, script: 30000}, unhandledPromptBehavior: dismiss and notify, webauthn:extension:credBlob: true, webauthn:extension:largeBlob: true, webauthn:virtualAuthenticators: true}
Session ID: fbd885d384148a4cb6619bc21af6a61e
*** Element info: {Using=id, value=priceblock_dealprice}
at org.openqa.selenium.remote.http.W3CHttpResponseCodec.createException(W3CHttpResponseCodec.java:187)
at org.openqa.selenium.remote.http.W3CHttpResponseCodec.decode(W3CHttpResponseCodec.java:122)
at org.openqa.selenium.remote.http.W3CHttpResponseCodec.decode(W3CHttpResponseCodec.java:49)
at org.openqa.selenium.remote.HttpCommandExecutor.execute(HttpCommandExecutor.java:158)
at org.openqa.selenium.remote.service.DriverCommandExecutor.execute(DriverCommandExecutor.java:83)
at org.openqa.selenium.remote.RemoteWebDriver.execute(RemoteWebDriver.java:552)
at org.openqa.selenium.remote.RemoteWebDriver.findElement(RemoteWebDriver.java:323)
at org.openqa.selenium.remote.RemoteWebDriver.findElementById(RemoteWebDriver.java:372)
at org.openqa.selenium.By$ById.findElement(By.java:188)
at org.openqa.selenium.remote.RemoteWebDriver.findElement(RemoteWebDriver.java:315)
at com.hybridFrameWork.pageObjects.LandingPage.price(LandingPage.java:35)
at com.hybridFrameWork.runner.ProductPrice.productprice(ProductPrice.java:24)
at java.base/java.util.ArrayList.forEach(ArrayList.java:1511)
... Removed 32 stack frames]]>
    </failure>
  </testcase> <!-- productprice -->
</testsuite> <!-- Test -->
